ISim log file
Running: C:\Users\Xhaar\Desktop\MIPS2000VHDL\Toplevel_tb_isim_beh.exe -intstyle ise -gui -tclbatch isim.cmd -wdb C:/Users/Xhaar/Desktop/MIPS2000VHDL/Toplevel_tb_isim_beh.wdb 
ISim O.40d (signature 0xc4ca3437)
WARNING: A WEBPACK license was found.
WARNING: Please use Xilinx License Configuration Manager to check out a full ISim license.
WARNING: ISim will run in Lite mode. Please refer to the ISim documentation for more information on the differences between the Lite and the Full version.
This is a Lite version of ISim.
Time resolution is 1 ps
# onerror resume
# wave add /
# run 1000 ns
Simulator is doing circuit initialization process.
at 0 ps, Instance /toplevel_tb/uut/datapath_module/Increase/ : Warning: There is an 'U'|'X'|'W'|'Z'|'-' in an arithmetic operand, the result will be 'X'(es).
Finished circuit initialization process.
at 0 ps, Instance /toplevel_tb/uut/datapath_module/AriLogUnit/P6/ : Warning: NUMERIC_STD.TO_INTEGER: metavalue detected, returning 0
# restart
# run 1.00us
Simulator is doing circuit initialization process.
Finished circuit initialization process.
at 0 ps, Instance /toplevel_tb/uut/datapath_module/AriLogUnit/P6/ : Warning: NUMERIC_STD.TO_INTEGER: metavalue detected, returning 0
# run 1.00us
# run 1.00us
# restart
# run 1.00us
Simulator is doing circuit initialization process.
Finished circuit initialization process.
at 0 ps, Instance /toplevel_tb/uut/datapath_module/AriLogUnit/P6/ : Warning: NUMERIC_STD.TO_INTEGER: metavalue detected, returning 0
ISim O.40d (signature 0xc4ca3437)
WARNING: A WEBPACK license was found.
WARNING: Please use Xilinx License Configuration Manager to check out a full ISim license.
WARNING: ISim will run in Lite mode. Please refer to the ISim documentation for more information on the differences between the Lite and the Full version.
This is a Lite version of ISim.
# run 1000 ns
Simulator is doing circuit initialization process.
at 0 ps, Instance /toplevel_tb/uut/datapath_module/Increase/ : Warning: There is an 'U'|'X'|'W'|'Z'|'-' in an arithmetic operand, the result will be 'X'(es).
Finished circuit initialization process.
at 0 ps, Instance /toplevel_tb/uut/datapath_module/AriLogUnit/P6/ : Warning: NUMERIC_STD.TO_INTEGER: metavalue detected, returning 0
ISim O.40d (signature 0xc4ca3437)
WARNING: A WEBPACK license was found.
WARNING: Please use Xilinx License Configuration Manager to check out a full ISim license.
WARNING: ISim will run in Lite mode. Please refer to the ISim documentation for more information on the differences between the Lite and the Full version.
This is a Lite version of ISim.
# run 1000 ns
Simulator is doing circuit initialization process.
at 0 ps, Instance /toplevel_tb/uut/datapath_module/Increase/ : Warning: There is an 'U'|'X'|'W'|'Z'|'-' in an arithmetic operand, the result will be 'X'(es).
Finished circuit initialization process.
at 0 ps, Instance /toplevel_tb/uut/datapath_module/AriLogUnit/P6/ : Warning: NUMERIC_STD.TO_INTEGER: metavalue detected, returning 0
