Release 13.1 Map O.40d (nt64)
Xilinx Mapping Report File for Design 'Toplevel'

Design Information
------------------
Command Line   : map -intstyle ise -p xc3s4000-fg676-5 -cm area -ir off -pr off
-c 100 -o Toplevel_map.ncd Toplevel.ngd Toplevel.pcf 
Target Device  : xc3s4000
Target Package : fg676
Target Speed   : -5
Mapper Version : spartan3 -- $Revision: 1.55 $
Mapped Date    : Thu Oct 03 20:36:32 2013

Design Summary
--------------
Number of errors   :   1
Number of warnings :   0

Section 1 - Errors
------------------
ERROR:Security:9 - No 'ISE' feature was available for part 'xc3s4000'.
ERROR:Security:12 - No 'xc3s4000' feature was available (-5).
ERROR:Map:258 - A problem was encountered attempting to get the license for this
   architecture. 

Section 2 - Warnings
--------------------

Section 3 - Informational
-------------------------
INFO:Security:56 - Part 'xc3s4000' is not a WebPack part.
INFO:Security:61 - The XILINXD_LICENSE_FILE environment variable is not set.
INFO:Security:63 - The LM_LICENSE_FILE environment variable is not set.
INFO:Security:68 - Please run the Xilinx License Configuration Manager
